<?xml version="1.0" encoding="UTF-8"?>
<!-- Generated by org.testng.reporters.JUnitXMLReporter -->
<testsuite hostname="HOMEHP-PC" ignored="0" name="Test" tests="2" failures="2" timestamp="2019-10-06T14:15:14 IST" time="83.363" errors="0">
  <testcase name="runTC001" time="30.506" classname="com.leafBot.testcases.TC001_CreateLead">
    <failure type="java.lang.RuntimeException">
      <![CDATA[java.lang.RuntimeException
at com.leafBot.selenium.api.base.SeleniumBase.locateElement(SeleniumBase.java:292)
at com.leafBot.pages.LoginPage.enterUsername(LoginPage.java:7)
at com.leafBot.testcases.TC001_CreateLead.runTC001(TC001_CreateLead.java:23)
at java.util.ArrayList.forEach(Unknown Source)
... Removed 27 stack frames]]>
    </failure>
  </testcase> <!-- runTC001 -->
  <testcase name="runTC001" time="30.429" classname="com.leafBot.testcases.TC001_CreateLead">
    <failure type="java.lang.RuntimeException">
      <![CDATA[java.lang.RuntimeException
at com.leafBot.selenium.api.base.SeleniumBase.locateElement(SeleniumBase.java:292)
at com.leafBot.pages.LoginPage.enterUsername(LoginPage.java:7)
at com.leafBot.testcases.TC001_CreateLead.runTC001(TC001_CreateLead.java:23)
at java.util.ArrayList.forEach(Unknown Source)
... Removed 27 stack frames]]>
    </failure>
  </testcase> <!-- runTC001 -->
</testsuite> <!-- Test -->
